\BOOKMARK [0][]{section*.1}{\376\377\000C\000o\000n\000t\000e\000n\000t\000s}{}% 1
\BOOKMARK [0][]{chapter.1}{\376\377\116\316\162\354\172\313\122\060\154\246\116\241\377\032\0001\0009\0001\0001\040\024\0001\0009\0002\0006\136\164\166\204\123\127\174\244}{}% 2
\BOOKMARK [1][]{section.1.1}{\376\377\116\011\153\041\162\354\172\313\166\204\155\101\116\247\377\032\0001\0009\0001\0001\040\024\0001\0009\0001\0006\136\164}{chapter.1}% 3
\BOOKMARK [1][]{section.1.2}{\376\377\150\102\174\373\143\156\174\244\377\032\0001\0009\0001\0006\040\024\0001\0009\0002\0000\136\164}{chapter.1}% 4
\BOOKMARK [1][]{section.1.3}{\376\377\226\110\133\131\121\263\210\302\377\032\0001\0009\0002\0000\040\024\0001\0009\0002\0002\136\164}{chapter.1}% 5
\BOOKMARK [1][]{section.1.4}{\376\377\123\153\174\244\142\030\116\211\116\016\145\260\150\102\174\373\135\033\215\167\377\032\0001\0009\0002\0002\040\024\0001\0009\0002\0006\136\164}{chapter.1}% 6
\BOOKMARK [0][]{chapter.2}{\376\377\116\316\126\336\121\111\217\324\161\147\122\060\155\361\156\012\377\032\0001\0009\0002\0006\040\024\0001\0009\0004\0009\136\164\166\204\123\127\174\244}{}% 7
\BOOKMARK [1][]{section.2.1}{\376\377\166\153\162\302\227\151\124\175\116\055\166\204\134\140\133\260\127\072\377\032\0001\0009\0002\0006\040\024\0001\0009\0003\0001\136\164}{chapter.2}% 8
\BOOKMARK [1][]{section.2.2}{\376\377\147\000\124\016\166\204\201\352\172\313\377\032\0001\0009\0003\0001\040\024\0001\0009\0003\0006\136\164}{chapter.2}% 9
\BOOKMARK [1][]{section.2.3}{\376\377\116\214\142\030\155\361\156\012\116\055\166\204\123\127\174\244\377\032\0001\0009\0003\0006\040\024\0001\0009\0004\0005\136\164}{chapter.2}% 10
\BOOKMARK [1][]{section.2.4}{\376\377\224\301\136\125\226\115\116\064\377\032\0001\0009\0004\0005\040\024\0001\0009\0005\0000\136\164}{chapter.2}% 11
\BOOKMARK [0][]{chapter.3}{\376\377\145\340\134\075\236\321\146\227\377\032\0001\0009\0005\0000\040\024\0001\0009\0007\0002\136\164\166\204\123\127\174\244}{}% 12
\BOOKMARK [1][]{section.3.1}{\376\377\147\054\127\037\121\335\176\323\150\070\166\204\153\301\160\155\377\032\0001\0009\0005\0000\040\024\0001\0009\0005\0008\136\164}{chapter.3}% 13
\BOOKMARK [1][]{section.3.2}{\376\377\122\027\133\201\116\073\116\111\146\264\145\077\116\013\166\204\155\151\122\253\377\032\0001\0009\0005\0007\040\024\0001\0009\0006\0006\136\164}{chapter.3}% 14
\BOOKMARK [1][]{section.3.3}{\376\377\122\027\133\201\116\073\116\111\147\072\126\150\166\204\141\017\131\026\147\176\122\250\377\032\0001\0009\0006\0006\040\024\0001\0009\0007\0002\136\164}{chapter.3}% 15
\BOOKMARK [0][]{chapter.4}{\376\377\171\315\133\120\116\015\153\173\377\032\0001\0009\0007\0002\136\164\124\016\166\204\123\127\174\244}{}% 16
\BOOKMARK [1][]{section.4.1}{\376\377\147\054\127\037\121\335\176\323\150\070\131\015\121\164\116\016\211\177\145\271\171\351\136\217\126\336\137\122\377\032\0001\0009\0007\0002\040\024\0001\0009\0009\0002\136\164}{chapter.4}% 17
\BOOKMARK [1][]{section.4.2}{\376\377\123\127\174\244\154\021\145\317\141\017\213\306\166\204\131\047\211\311\221\222\377\032\0001\0009\0009\0002\136\164\040\024\116\312}{chapter.4}% 18
\BOOKMARK [0][]{appendix.A}{\376\377\123\127\174\244\177\026\136\164\173\200\123\362}{}% 19
\BOOKMARK [0][]{appendix.B}{\376\377\123\127\174\244\123\362\176\262\211\201}{}% 20
\BOOKMARK [1][]{section.B.1}{\376\377\122\115\212\000}{appendix.B}% 21
\BOOKMARK [1][]{section.B.2}{\376\377\123\127\174\244\123\362\122\115\123\362}{appendix.B}% 22
\BOOKMARK [1][]{section.B.3}{\376\377\166\176\215\212\145\366\116\343}{appendix.B}% 23
\BOOKMARK [1][]{section.B.4}{\376\377\174\244\171\346\142\030\116\211\060\001\231\226\153\041\123\027\134\136}{appendix.B}% 24
\BOOKMARK [1][]{section.B.5}{\376\377\123\127\215\212\136\035\126\375}{appendix.B}% 25
\BOOKMARK [1][]{section.B.6}{\376\377\173\054\116\214\153\041\123\027\134\136}{appendix.B}% 26
\BOOKMARK [1][]{section.B.7}{\376\377\121\257\121\274\145\077\147\103}{appendix.B}% 27
\BOOKMARK [1][]{section.B.8}{\376\377\173\054\116\011\153\041\123\027\134\136}{appendix.B}% 28
\BOOKMARK [1][]{section.B.9}{\376\377\123\127\174\244\123\362\122\115\123\112\147\037\116\113\123\127\174\244\171\076\117\032}{appendix.B}% 29
\BOOKMARK [1][]{section.B.10}{\376\377\123\127\154\111\136\035\126\375}{appendix.B}% 30
\BOOKMARK [1][]{section.B.11}{\376\377\173\054\126\333\153\041\123\027\134\136}{appendix.B}% 31
\BOOKMARK [1][]{section.B.12}{\376\377\117\125\167\037\145\077\147\103}{appendix.B}% 32
\BOOKMARK [1][]{section.B.13}{\376\377\173\054\116\224\153\041\123\027\134\136}{appendix.B}% 33
\BOOKMARK [1][]{section.B.14}{\376\377\155\167\220\032\145\366\116\343}{appendix.B}% 34
\BOOKMARK [1][]{section.B.15}{\376\377\123\321\146\016\154\021\145\317}{appendix.B}% 35
\BOOKMARK [1][]{section.B.16}{\376\377\154\021\126\375\145\366\116\343}{appendix.B}% 36
\BOOKMARK [1][]{section.B.17}{\376\377\140\073\176\323}{appendix.B}% 37
\BOOKMARK [0][]{appendix.C}{\376\377\153\173\123\273\166\204\123\127\174\244\232\221\130\353\000\267\117\125\167\037\000*\0000\000[\0002\000]\217\331\146\057\117\134\200\005\201\352\135\361\127\050\123\346\131\026\166\204\127\060\145\271\123\321\210\150\166\204\145\207\172\340\377\014\126\340\116\072\127\050\123\237\145\207\116\055\147\011\142\100\137\025\165\050\377\014\142\100\116\345\226\104\136\046\127\050\217\331\221\314\060\002\040\024\040\024\000\040\000S\000e\000t\000s\000u\000n\000a\000\040\000K\000*\0000\0000}{}% 38
\BOOKMARK [0][]{appendix.D}{\376\377\123\127\174\244\127\037\214\152\166\204\200\334\122\051\377\032\0001\0004\0004\0009\000\267\117\133\134\161\210\100\142\030\000*\0000\000[\0002\000]\217\331\146\057\117\134\200\005\201\352\135\361\127\050\123\346\131\026\166\204\127\060\145\271\123\321\210\150\166\204\145\207\172\340\377\014\126\340\116\072\127\050\123\237\145\207\116\055\147\011\142\100\137\025\165\050\377\014\142\100\116\345\226\104\136\046\127\050\217\331\221\314\060\002\040\024\040\024\000\040\000S\000e\000t\000s\000u\000n\000a\000\040\000K\000*\0000\0000}{}% 39
\BOOKMARK [0][]{appendix.E}{\376\377\117\133\134\161\201\352\154\273\127\316\136\002\173\200\123\362\000*\0000\000[\0002\000]\217\331\146\057\117\134\200\005\201\352\135\361\127\050\123\346\131\026\166\204\127\060\145\271\123\321\210\150\166\204\145\207\172\340\377\014\126\340\116\072\127\050\123\237\145\207\116\055\147\011\142\100\137\025\165\050\377\014\142\100\116\345\226\104\136\046\127\050\217\331\221\314\060\002\040\024\040\024\000\040\000S\000e\000t\000s\000u\000n\000a\000\040\000K\000*\0000\0000}{}% 40
