\BOOKMARK [0][]{section*.4}{\376\377\000C\000o\000n\000t\000e\000n\000t\000s}{}% 1
\BOOKMARK [0][]{chapter.1}{\376\377\166\176\215\212\145\366\116\343\124\214\173\054\116\000\153\041\123\027\134\136}{}% 2
\BOOKMARK [1][]{section.1.1}{\376\377\166\176\215\212\116\272\377\032\201\352\165\061\166\204\123\127\174\244\121\110\154\021}{chapter.1}% 3
\BOOKMARK [1][]{section.1.2}{\376\377\147\000\145\351\166\204\123\127\174\244\126\375\133\266\377\032\116\113\117\257\060\001\121\154\136\010\226\205\060\001\232\330\126\372}{chapter.1}% 4
\BOOKMARK [1][]{section.1.3}{\376\377\215\212\171\346\142\030\116\211\124\214\173\054\116\000\153\041\123\027\134\136}{chapter.1}% 5
\BOOKMARK [1][]{section.1.4}{\376\377\164\357\226\322\126\375\166\204\160\155\116\241}{chapter.1}% 6
\BOOKMARK [0][]{chapter.2}{\376\377\117\037\131\047\166\204\123\127\215\212\126\375}{}% 7
\BOOKMARK [1][]{section.2.1}{\376\377\123\127\215\212\126\375\166\204\136\372\172\313}{chapter.2}% 8
\BOOKMARK [1][]{section.2.2}{\376\377\154\070\217\334\166\204\202\361\226\304\377\032\123\127\215\212\153\146\136\035}{chapter.2}% 9
\BOOKMARK [1][]{section.2.3}{\376\377\201\352\172\313\116\016\137\122\154\111\377\032\145\207\136\035\060\001\146\016\163\213\060\001\124\300\163\213\147\035\166\204\133\252\122\066\145\227\116\211}{chapter.2}% 10
\BOOKMARK [1][]{section.2.4}{\376\377\123\127\174\244\166\204\131\047\133\252\172\340\217\320\122\250\377\032\124\025\126\011\227\151\124\175}{chapter.2}% 11
\BOOKMARK [1][]{section.2.5}{\376\377\123\127\215\212\126\375\166\204\160\155\116\241}{chapter.2}% 12
\BOOKMARK [0][]{chapter.3}{\376\377\173\054\116\214\153\041\123\027\134\136\116\016\130\353\154\017\145\366\116\343}{}% 13
\BOOKMARK [1][]{section.3.1}{\376\377\173\054\116\214\153\041\123\027\134\136\377\032\154\111\136\035\126\375\154\273\116\013\166\204\123\127\174\244}{chapter.3}% 14
\BOOKMARK [1][]{section.3.2}{\376\377\130\353\154\017\145\366\116\343\377\032\127\037\214\152\133\210\142\244\116\013\166\204\123\127\174\244}{chapter.3}% 15
\BOOKMARK [0][]{chapter.4}{\376\377\173\054\116\011\153\041\123\027\134\136}{}% 16
\BOOKMARK [1][]{section.4.1}{\376\377\217\336\176\365\116\015\176\335\166\204\123\315\142\227\377\032\215\165\131\252\060\001\124\025\121\164\060\001\220\355\232\154}{chapter.4}% 17
\BOOKMARK [1][]{section.4.2}{\376\377\116\044\146\113\136\035\126\375\154\273\116\013\166\204\123\127\174\244}{chapter.4}% 18
\BOOKMARK [1][]{section.4.3}{\376\377\122\030\133\213\060\001\237\120\060\001\150\201\154\273\116\013\166\204\123\127\174\244}{chapter.4}% 19
\BOOKMARK [0][]{chapter.5}{\376\377\206\356\145\317\201\352\172\313\377\032\121\257\121\274\145\366\116\343}{}% 20
\BOOKMARK [1][]{section.5.1}{\376\377\226\110\227\070\121\110\116\016\123\127\174\244\127\037\214\152}{chapter.5}% 21
\BOOKMARK [1][]{section.5.2}{\376\377\121\274\131\053\116\272\166\204\135\033\215\167}{chapter.5}% 22
\BOOKMARK [1][]{section.5.3}{\376\377\133\210\142\244\123\127\174\244\166\204\040\034\127\043\153\315\040\035\377\032\121\274\131\053\116\272\127\050\123\206\123\362\202\202\160\271\166\204\121\263\145\255}{chapter.5}% 23
\BOOKMARK [1][]{section.5.4}{\376\377\116\016\134\255\123\027\137\072\147\103\124\150\145\313\166\204\163\260\133\236\116\073\116\111\200\005\377\032\121\257\166\316}{chapter.5}% 24
\BOOKMARK [1][]{section.5.5}{\376\377\121\257\154\017\166\204\160\155\116\241}{chapter.5}% 25
\BOOKMARK [0][]{chapter.6}{\376\377\173\054\126\333\153\041\123\027\134\136}{}% 26
\BOOKMARK [1][]{section.6.1}{\376\377\125\020\136\035\126\375\154\273\116\013\166\204\123\127\174\244}{chapter.6}% 27
\BOOKMARK [1][]{section.6.2}{\376\377\121\111\140\052\226\106\171\273\166\204\126\375\226\105\215\070\146\023\156\057\123\343\377\032\136\177\135\336}{chapter.6}% 28
\BOOKMARK [0][]{chapter.7}{\376\377\117\037\131\047\166\204\123\127\154\111\126\375}{}% 29
\BOOKMARK [1][]{section.7.1}{\376\377\117\335\123\153\123\127\174\244\166\204\155\167\155\013\133\266\145\317\377\032\134\001\135\336\122\030\154\017}{chapter.7}% 30
\BOOKMARK [1][]{section.7.2}{\376\377\131\032\126\375\117\123\174\373\116\055\166\204\123\127\174\244\117\335\123\153\200\005\377\032\123\127\154\111\232\330\171\126}{chapter.7}% 31
\BOOKMARK [1][]{section.7.3}{\376\377\210\100\201\145\133\253\136\367\377\032\153\207\136\035\060\001\116\055\133\227\147\035\166\204\145\077\154\273\145\227\116\211\116\016\121\233\116\213\131\026\116\244}{chapter.7}% 32
\BOOKMARK [1][]{section.7.4}{\376\377\215\160\124\021\160\155\116\241\166\204\123\127\154\111\126\375\377\032\124\016\116\073\147\035}{chapter.7}% 33
\BOOKMARK [0][]{chapter.8}{\376\377\173\054\116\224\153\041\123\027\134\136}{}% 34
\BOOKMARK [1][]{section.8.1}{\376\377\131\071\177\035\116\055\166\204\142\030\127\072\377\032\123\027\133\213\176\337\154\273\122\115\147\037\166\204\123\127\174\244}{chapter.8}% 35
\BOOKMARK [1][]{section.8.2}{\376\377\040\034\145\131\123\026\040\035\116\016\131\047\155\052\154\064\377\032\123\027\133\213\136\035\126\375\127\050\123\127\174\244\166\204\121\022\123\026\134\035\213\325\060\001\156\130\215\143\155\101\133\307}{chapter.8}% 36
\BOOKMARK [1][]{section.8.3}{\376\377\123\127\133\213\136\035\126\375\154\273\116\013\166\204\123\127\174\244}{chapter.8}% 37
\BOOKMARK [1][]{section.8.4}{\376\377\121\103\136\035\126\375\154\273\116\013\166\204\123\127\174\244}{chapter.8}% 38
\BOOKMARK [0][]{chapter.9}{\376\377\117\125\167\037\145\077\147\103\116\016\173\054\121\155\153\041\123\027\134\136}{}% 39
\BOOKMARK [1][]{section.9.1}{\376\377\131\061\116\113\116\244\201\302\166\204\147\072\117\032\172\227\123\343\377\032\117\125\167\037\145\077\147\103}{chapter.9}% 40
\BOOKMARK [1][]{section.9.2}{\376\377\155\052\153\146\171\076\117\032\116\073\116\111\133\371\123\127\174\244\166\204\216\102\216\217}{chapter.9}% 41
\BOOKMARK [1][]{section.9.3}{\376\377\155\052\153\146\171\076\117\032\116\073\116\111\127\050\123\127\174\244\166\204\135\051\156\203\377\032\236\304\204\047\121\173\116\113\116\161\116\016\117\133\134\161\117\335\123\153\142\030}{chapter.9}% 42
\BOOKMARK [1][]{section.9.4}{\376\377\206\356\145\317\153\146\130\353\166\204\142\227\116\211\377\032\117\257\131\047\202\337\116\016\131\047\205\344\134\341\215\167\116\111}{chapter.9}% 43
\BOOKMARK [1][]{section.9.5}{\376\377\123\127\174\244\134\017\123\116\131\017\166\204\171\315\133\120\144\255\144\222\200\005\377\032\226\110\166\175\154\231}{chapter.9}% 44
