\BOOKMARK [0][]{section*.1}{\376\377\000C\000o\000n\000t\000e\000n\000t\000s}{}% 1
\BOOKMARK [0][]{chapter.1}{\376\377\123\127\174\244\123\321\146\016\166\204\124\057\122\250\377\032\123\101\121\155\060\001\123\101\116\003\116\026\176\252\166\204\133\227\145\317\123\026\217\320\122\250}{}% 2
\BOOKMARK [1][]{section.1.1}{\376\377\233\117\150\041\166\204\153\301\155\353\171\140\217\320\122\250}{chapter.1}% 3
\BOOKMARK [1][]{section.1.2}{\376\377\131\047\171\074\213\256\116\016\174\244\176\305\377\032\156\133\165\030\154\311\060\001\227\015\227\354\060\001\145\271\163\056\131\053}{chapter.1}% 4
\BOOKMARK [1][]{section.1.3}{\376\377\123\127\174\244\174\276\202\361\166\204\133\227\145\317\136\372\147\204}{chapter.1}% 5
\BOOKMARK [1][]{section.1.4}{\376\377\154\231\165\060\116\012\166\204\171\126\121\110\123\321\146\016\200\005\377\032\123\127\174\244\134\017\123\116\131\017\166\204\213\336\165\037}{chapter.1}% 6
\BOOKMARK [0][]{chapter.2}{\376\377\211\177\145\271\116\272\122\060\217\276\123\127\174\244\377\032\204\141\204\004\162\131\060\001\211\177\163\355\162\131\060\001\203\167\121\160\060\001\202\361\126\375}{}% 7
\BOOKMARK [1][]{section.2.1}{\376\377\204\141\204\004\162\131\116\272\147\145\174\244}{chapter.2}% 8
\BOOKMARK [1][]{section.2.2}{\376\377\127\043\145\271\155\116\000\267\154\231\122\377\165\145\116\016\157\263\225\350\127\316\220\246\166\204\136\372\172\313}{chapter.2}% 9
\BOOKMARK [1][]{section.2.3}{\376\377\123\127\174\244\213\244\213\306\116\026\165\114\377\032\177\127\146\016\127\132\060\001\122\051\163\233\172\246\060\001\236\304\146\016\154\231\060\001\224\237\236\043\116\301}{chapter.2}% 10
\BOOKMARK [1][]{section.2.4}{\376\377\211\177\163\355\162\131\116\272\060\001\203\167\121\160\116\272\060\001\202\361\126\375\116\272\147\145\174\244}{chapter.2}% 11
\BOOKMARK [0][]{chapter.3}{\376\377\127\050\177\244\134\161\116\016\131\047\155\167\116\055\142\030\145\227\377\032\123\127\174\244\131\047\202\052\155\167\145\366\116\343\166\204\137\000\124\057}{}% 12
\BOOKMARK [1][]{section.3.1}{\376\377\206\356\145\317\166\204\123\315\142\227\377\032\155\167\123\127\060\001\136\177\211\177\116\016\174\244\211\177\123\027}{chapter.3}% 13
\BOOKMARK [1][]{section.3.2}{\376\377\123\101\121\155\116\026\176\252\166\204\174\244\116\034\155\167\116\012\177\244\226\304}{chapter.3}% 14
\BOOKMARK [1][]{section.3.3}{\376\377\123\101\116\003\116\026\176\252\122\115\147\037\174\244\225\375\155\167\116\012\153\146\210\305\166\204\124\214\142\030\377\032\122\030\231\231\116\016\220\321\202\235\237\231}{chapter.3}% 15
\BOOKMARK [0][]{chapter.4}{\376\377\117\335\123\153\123\116\131\017\145\207\146\016\166\204\166\176\215\212\153\146\130\353\377\032\123\127\174\244\142\227\156\005\142\030\116\211}{}% 16
\BOOKMARK [1][]{section.4.1}{\376\377\176\315\153\146\060\001\154\070\123\206\145\077\147\103\166\204\136\166\172\313\116\016\150\102\147\227\116\113\142\030}{chapter.4}% 17
\BOOKMARK [1][]{section.4.2}{\376\377\040\034\136\177\116\034\116\011\137\340\040\035\166\204\202\361\122\307\153\211\226\276\377\032\226\110\220\246\137\146\060\001\137\040\133\266\163\211\060\001\226\110\133\120\130\356}{chapter.4}% 18
\BOOKMARK [1][]{section.4.3}{\376\377\147\116\142\020\150\013\116\113\153\173\116\016\136\177\135\336\131\047\134\140\147\100}{chapter.4}% 19
\BOOKMARK [1][]{section.4.4}{\376\377\116\011\200\241\117\265\165\145\200\005\216\102\216\217\123\127\174\244\116\016\163\213\121\164\060\001\204\047\126\375\237\231\142\227\156\005}{chapter.4}% 20
\BOOKMARK [1][]{section.4.5}{\376\377\123\362\145\340\122\115\117\213\166\204\140\312\131\051\155\151\122\253\377\032\154\277\155\167\217\301\165\114}{chapter.4}% 21
\BOOKMARK [0][]{chapter.5}{\376\377\217\211\161\114\145\207\146\016\116\016\117\037\131\047\147\072\220\107\377\032\166\333\156\005\136\035\126\375\154\273\116\013\166\204\123\127\174\244}{}% 22
\BOOKMARK [1][]{section.5.1}{\376\377\0001\0008\116\026\176\252\166\204\131\107\217\371\116\113\127\316\377\032\136\177\135\336\116\016\123\101\116\011\210\114}{chapter.5}% 23
\BOOKMARK [1][]{section.5.2}{\376\377\116\034\116\232\131\047\226\106\147\000\117\030\171\300\166\204\201\352\154\273\127\316\136\002\377\032\117\133\134\161}{chapter.5}% 24
\BOOKMARK [1][]{section.5.3}{\376\377\117\037\131\047\166\204\116\055\123\127\123\112\134\233\142\323\153\226\116\213\116\032\377\032\154\263\116\331\145\077\147\103\060\001\040\034\237\231\225\350\134\006\130\353\040\035\116\016\220\321\117\341}{chapter.5}% 25
\BOOKMARK [1][]{section.5.4}{\376\377\145\327\136\056\155\167\166\327\166\204\121\164\116\241\116\016\155\167\116\012\202\361\226\304\137\040\117\335\116\324}{chapter.5}% 26
\BOOKMARK [0][]{chapter.6}{\376\377\121\263\133\232\133\252\122\066\166\204\126\333\127\072\142\030\116\211}{}% 27
\BOOKMARK [1][]{section.6.1}{\376\377\133\371\131\026\137\000\145\076\215\357\137\204\166\204\225\001\133\232\377\032\236\046\162\107\142\030\116\211}{chapter.6}% 28
\BOOKMARK [1][]{section.6.2}{\376\377\127\037\214\152\201\352\154\273\166\204\135\351\126\372\377\032\155\052\121\165\142\030\116\211}{chapter.6}% 29
\BOOKMARK [1][]{section.6.3}{\376\377\133\371\131\026\124\010\117\134\166\204\124\057\122\250\377\032\173\054\116\214\153\041\236\046\162\107\142\030\116\211}{chapter.6}% 30
\BOOKMARK [1][]{section.6.4}{\376\377\145\317\177\244\217\271\165\114\166\204\172\063\133\232\377\032\127\037\133\242\142\030\116\211}{chapter.6}% 31
\BOOKMARK [0][]{chapter.7}{\376\377\123\321\146\016\154\021\145\317\377\032\123\127\174\244\154\021\145\317\166\204\133\232\127\213}{}% 32
\BOOKMARK [1][]{section.7.1}{\376\377\116\011\145\317\121\161\124\014\117\123\166\204\133\232\127\213\377\032\133\242\133\266\116\016\157\156\154\125\166\204\122\006\226\224\116\016\121\161\133\130}{chapter.7}% 33
\BOOKMARK [1][]{section.7.2}{\376\377\154\021\145\317\213\355\212\000\116\016\154\021\145\317\123\362\377\032\133\146\155\167\130\002\060\001\174\244\123\362\060\001\174\244\213\355\060\001\174\244\145\207}{chapter.7}% 34
\BOOKMARK [0][]{chapter.8}{\376\377\145\207\146\016\137\000\123\026\377\032\123\127\174\244\166\204\131\047\202\052\155\167\116\016\211\177\123\026}{}% 35
\BOOKMARK [1][]{section.8.1}{\376\377\231\231\156\057\127\316\220\246\166\204\136\372\172\313}{chapter.8}% 36
\BOOKMARK [1][]{section.8.2}{\376\377\202\361\121\233\123\140\230\206\145\260\165\114\116\016\136\177\135\336\156\176\171\337\120\037\127\060\166\204\213\336\165\037}{chapter.8}% 37
\BOOKMARK [1][]{section.8.3}{\376\377\131\047\202\052\155\167\377\032\174\244\116\272\215\160\124\021\121\150\164\003}{chapter.8}% 38
\BOOKMARK [1][]{section.8.4}{\376\377\137\000\123\026\116\113\215\357\377\032\145\131\117\032\060\001\165\131\133\146\165\037\060\001\171\321\142\200\060\001\217\321\116\343\135\345\116\032}{chapter.8}% 39
\BOOKMARK [0][]{chapter.9}{\376\377\121\263\145\255\145\366\122\073\377\032\040\034\136\177\116\034\116\272\116\113\136\177\116\034\040\035\217\330\146\057\040\034\116\055\123\116\154\021\145\317\040\035}{}% 40
\BOOKMARK [1][]{section.9.1}{\376\377\133\371\123\127\174\244\147\052\147\145\166\204\173\054\116\000\171\315\211\304\122\022\377\032\040\034\116\055\123\116\154\021\145\317\040\035}{chapter.9}% 41
\BOOKMARK [1][]{section.9.2}{\376\377\133\371\123\127\174\244\147\052\147\145\166\204\173\054\116\214\171\315\211\304\122\022\377\032\040\034\232\161\220\020\227\221\206\117\377\014\140\142\131\015\116\055\123\116\040\035}{chapter.9}% 42
\BOOKMARK [1][]{section.9.3}{\376\377\133\371\123\127\174\244\147\052\147\145\166\204\173\054\116\011\171\315\211\304\122\022\377\032\040\034\136\177\116\034\116\272\116\113\136\177\116\034\040\035}{chapter.9}% 43
\BOOKMARK [1][]{section.9.4}{\376\377\220\032\137\200\162\354\172\313\116\113\215\357\377\032\0001\0009\0000\0004\040\024\0001\0009\0001\0001\136\164}{chapter.9}% 44
