\BOOKMARK [0][]{section*.4}{\376\377\000C\000o\000n\000t\000e\000n\000t\000s}{}% 1
\BOOKMARK [0][]{chapter.1}{\376\377\166\176\215\212\145\366\116\343\124\214\173\054\116\000\153\041\123\027\134\136}{}% 2
\BOOKMARK [1][]{section.1.1}{\376\377\166\176\215\212\116\272\377\032\201\352\165\061\166\204\123\127\174\244\121\110\154\021}{chapter.1}% 3
\BOOKMARK [1][]{section.1.2}{\376\377\147\000\145\351\166\204\123\127\174\244\126\375\133\266\377\032\116\113\117\257\060\001\121\154\136\010\226\205\060\001\232\330\126\372}{chapter.1}% 4
\BOOKMARK [1][]{section.1.3}{\376\377\215\212\171\346\142\030\116\211\124\214\173\054\116\000\153\041\123\027\134\136}{chapter.1}% 5
\BOOKMARK [1][]{section.1.4}{\376\377\164\357\226\322\126\375\166\204\160\155\116\241}{chapter.1}% 6
\BOOKMARK [0][]{chapter.2}{\376\377\117\037\131\047\166\204\123\127\215\212\126\375}{}% 7
\BOOKMARK [1][]{section.2.1}{\376\377\123\127\215\212\126\375\166\204\136\372\172\313}{chapter.2}% 8
\BOOKMARK [1][]{section.2.2}{\376\377\154\070\217\334\166\204\202\361\226\304\377\032\123\127\215\212\153\146\136\035}{chapter.2}% 9
\BOOKMARK [1][]{section.2.3}{\376\377\201\352\172\313\116\016\137\122\154\111\377\032\145\207\136\035\060\001\146\016\163\213\060\001\124\300\163\213\147\035\166\204\133\252\122\066\145\227\116\211}{chapter.2}% 10
\BOOKMARK [1][]{section.2.4}{\376\377\123\127\174\244\166\204\131\047\133\252\172\340\217\320\122\250\377\032\124\025\126\011\227\151\124\175}{chapter.2}% 11
\BOOKMARK [1][]{section.2.5}{\376\377\123\127\215\212\126\375\166\204\160\155\116\241}{chapter.2}% 12
\BOOKMARK [0][]{chapter.3}{\376\377\173\054\116\214\153\041\123\027\134\136\116\016\130\353\154\017\145\366\116\343}{}% 13
\BOOKMARK [1][]{section.3.1}{\376\377\173\054\116\214\153\041\123\027\134\136\377\032\154\111\136\035\126\375\154\273\116\013\166\204\123\127\174\244}{chapter.3}% 14
\BOOKMARK [1][]{section.3.2}{\376\377\130\353\154\017\145\366\116\343\377\032\127\037\214\152\133\210\142\244\116\013\166\204\123\127\174\244}{chapter.3}% 15
\BOOKMARK [0][]{chapter.4}{\376\377\173\054\116\011\153\041\123\027\134\136}{}% 16
\BOOKMARK [1][]{section.4.1}{\376\377\217\336\176\365\116\015\176\335\166\204\123\315\142\227\377\032\215\165\131\252\060\001\124\025\121\164\060\001\220\355\232\154}{chapter.4}% 17
\BOOKMARK [1][]{section.4.2}{\376\377\116\044\146\113\136\035\126\375\154\273\116\013\166\204\123\127\174\244}{chapter.4}% 18
\BOOKMARK [1][]{section.4.3}{\376\377\122\030\133\213\060\001\237\120\060\001\150\201\154\273\116\013\166\204\123\127\174\244}{chapter.4}% 19
\BOOKMARK [0][]{chapter.5}{\376\377\206\356\145\317\201\352\172\313\377\032\121\257\121\274\145\366\116\343}{}% 20
\BOOKMARK [1][]{section.5.1}{\376\377\226\110\227\070\121\110\116\016\123\127\174\244\127\037\214\152}{chapter.5}% 21
\BOOKMARK [1][]{section.5.2}{\376\377\121\274\131\053\116\272\166\204\135\033\215\167}{chapter.5}% 22
\BOOKMARK [1][]{section.5.3}{\376\377\133\210\142\244\123\127\174\244\166\204\040\034\127\043\153\315\040\035\377\032\121\274\131\053\116\272\127\050\123\206\123\362\202\202\160\271\166\204\121\263\145\255}{chapter.5}% 23
\BOOKMARK [1][]{section.5.4}{\376\377\116\016\134\255\123\027\137\072\147\103\124\150\145\313\166\204\163\260\133\236\116\073\116\111\200\005\377\032\121\257\166\316}{chapter.5}% 24
\BOOKMARK [1][]{section.5.5}{\376\377\121\257\154\017\166\204\160\155\116\241}{chapter.5}% 25
\BOOKMARK [0][]{chapter.6}{\376\377\173\054\126\333\153\041\123\027\134\136}{}% 26
\BOOKMARK [1][]{section.6.1}{\376\377\125\020\136\035\126\375\154\273\116\013\166\204\123\127\174\244}{chapter.6}% 27
\BOOKMARK [1][]{section.6.2}{\376\377\121\111\140\052\226\106\171\273\166\204\126\375\226\105\215\070\146\023\156\057\123\343\377\032\136\177\135\336}{chapter.6}% 28
\BOOKMARK [0][]{chapter.7}{\376\377\117\037\131\047\166\204\123\127\154\111\126\375}{}% 29
\BOOKMARK [1][]{section.7.1}{\376\377\117\335\123\153\123\127\174\244\166\204\155\167\155\013\133\266\145\317\377\032\134\001\135\336\122\030\154\017}{chapter.7}% 30
\BOOKMARK [1][]{section.7.2}{\376\377\131\032\126\375\117\123\174\373\116\055\166\204\123\127\174\244\117\335\123\153\200\005\377\032\123\127\154\111\232\330\171\126}{chapter.7}% 31
\BOOKMARK [1][]{section.7.3}{\376\377\210\100\201\145\133\253\136\367\377\032\153\207\136\035\060\001\116\055\133\227\147\035\166\204\145\077\154\273\145\227\116\211\116\016\121\233\116\213\131\026\116\244}{chapter.7}% 32
\BOOKMARK [1][]{section.7.4}{\376\377\215\160\124\021\160\155\116\241\166\204\123\127\154\111\126\375\377\032\124\016\116\073\147\035}{chapter.7}% 33
\BOOKMARK [0][]{chapter.8}{\376\377\173\054\116\224\153\041\123\027\134\136}{}% 34
\BOOKMARK [1][]{section.8.1}{\376\377\131\071\177\035\116\055\166\204\142\030\127\072\377\032\123\027\133\213\176\337\154\273\122\115\147\037\166\204\123\127\174\244}{chapter.8}% 35
\BOOKMARK [1][]{section.8.2}{\376\377\040\034\145\131\123\026\040\035\116\016\131\047\155\052\154\064\377\032\123\027\133\213\136\035\126\375\127\050\123\127\174\244\166\204\121\022\123\026\134\035\213\325\060\001\156\130\215\143\155\101\133\307}{chapter.8}% 36
\BOOKMARK [1][]{section.8.3}{\376\377\123\127\133\213\136\035\126\375\154\273\116\013\166\204\123\127\174\244}{chapter.8}% 37
\BOOKMARK [1][]{section.8.4}{\376\377\121\103\136\035\126\375\154\273\116\013\166\204\123\127\174\244}{chapter.8}% 38
\BOOKMARK [0][]{chapter.9}{\376\377\117\125\167\037\145\077\147\103\116\016\173\054\121\155\153\041\123\027\134\136}{}% 39
\BOOKMARK [1][]{section.9.1}{\376\377\131\061\116\113\116\244\201\302\166\204\147\072\117\032\172\227\123\343\377\032\117\125\167\037\145\077\147\103}{chapter.9}% 40
\BOOKMARK [1][]{section.9.2}{\376\377\155\052\153\146\171\076\117\032\116\073\116\111\133\371\123\127\174\244\166\204\216\102\216\217}{chapter.9}% 41
\BOOKMARK [1][]{section.9.3}{\376\377\155\052\153\146\171\076\117\032\116\073\116\111\127\050\123\127\174\244\166\204\135\051\156\203\377\032\236\304\204\047\121\173\116\113\116\161\116\016\117\133\134\161\117\335\123\153\142\030}{chapter.9}% 42
\BOOKMARK [1][]{section.9.4}{\376\377\206\356\145\317\153\146\130\353\166\204\142\227\116\211\377\032\117\257\131\047\202\337\116\016\131\047\205\344\134\341\215\167\116\111}{chapter.9}% 43
\BOOKMARK [1][]{section.9.5}{\376\377\123\127\174\244\134\017\123\116\131\017\166\204\171\315\133\120\144\255\144\222\200\005\377\032\226\110\166\175\154\231}{chapter.9}% 44
\BOOKMARK [0][]{chapter.10}{\376\377\123\127\174\244\123\321\146\016\166\204\124\057\122\250\377\032\123\101\121\155\060\001\123\101\116\003\116\026\176\252\166\204\133\227\145\317\123\026\217\320\122\250}{}% 45
\BOOKMARK [1][]{section.10.1}{\376\377\233\117\150\041\166\204\153\301\155\353\171\140\217\320\122\250}{chapter.10}% 46
\BOOKMARK [1][]{section.10.2}{\376\377\131\047\171\074\213\256\116\016\174\244\176\305\377\032\156\133\165\030\154\311\060\001\227\015\227\354\060\001\145\271\163\056\131\053}{chapter.10}% 47
\BOOKMARK [1][]{section.10.3}{\376\377\123\127\174\244\174\276\202\361\166\204\133\227\145\317\136\372\147\204}{chapter.10}% 48
\BOOKMARK [1][]{section.10.4}{\376\377\154\231\165\060\116\012\166\204\171\126\121\110\123\321\146\016\200\005\377\032\123\127\174\244\134\017\123\116\131\017\166\204\213\336\165\037}{chapter.10}% 49
\BOOKMARK [0][]{chapter.11}{\376\377\211\177\145\271\116\272\122\060\217\276\123\127\174\244\377\032\204\141\204\004\162\131\060\001\211\177\163\355\162\131\060\001\203\167\121\160\060\001\202\361\126\375}{}% 50
\BOOKMARK [1][]{section.11.1}{\376\377\204\141\204\004\162\131\116\272\147\145\174\244}{chapter.11}% 51
\BOOKMARK [1][]{section.11.2}{\376\377\127\043\145\271\155\116\000\267\154\231\122\377\165\145\116\016\157\263\225\350\127\316\220\246\166\204\136\372\172\313}{chapter.11}% 52
\BOOKMARK [1][]{section.11.3}{\376\377\123\127\174\244\213\244\213\306\116\026\165\114\377\032\177\127\146\016\127\132\060\001\122\051\163\233\172\246\060\001\236\304\146\016\154\231\060\001\224\237\236\043\116\301}{chapter.11}% 53
\BOOKMARK [1][]{section.11.4}{\376\377\211\177\163\355\162\131\116\272\060\001\203\167\121\160\116\272\060\001\202\361\126\375\116\272\147\145\174\244}{chapter.11}% 54
\BOOKMARK [0][]{chapter.12}{\376\377\127\050\177\244\134\161\116\016\131\047\155\167\116\055\142\030\145\227\377\032\123\127\174\244\131\047\202\052\155\167\145\366\116\343\166\204\137\000\124\057}{}% 55
\BOOKMARK [1][]{section.12.1}{\376\377\206\356\145\317\166\204\123\315\142\227\377\032\155\167\123\127\060\001\136\177\211\177\116\016\174\244\211\177\123\027}{chapter.12}% 56
\BOOKMARK [1][]{section.12.2}{\376\377\123\101\121\155\116\026\176\252\166\204\174\244\116\034\155\167\116\012\177\244\226\304}{chapter.12}% 57
\BOOKMARK [1][]{section.12.3}{\376\377\123\101\116\003\116\026\176\252\122\115\147\037\174\244\225\375\155\167\116\012\153\146\210\305\166\204\124\214\142\030\377\032\122\030\231\231\116\016\220\321\202\235\237\231}{chapter.12}% 58
\BOOKMARK [0][]{chapter.13}{\376\377\117\335\123\153\123\116\131\017\145\207\146\016\166\204\166\176\215\212\153\146\130\353\377\032\123\127\174\244\142\227\156\005\142\030\116\211}{}% 59
\BOOKMARK [1][]{section.13.1}{\376\377\176\315\153\146\060\001\154\070\123\206\145\077\147\103\166\204\136\166\172\313\116\016\150\102\147\227\116\113\142\030}{chapter.13}% 60
\BOOKMARK [1][]{section.13.2}{\376\377\040\034\136\177\116\034\116\011\137\340\040\035\166\204\202\361\122\307\153\211\226\276\377\032\226\110\220\246\137\146\060\001\137\040\133\266\163\211\060\001\226\110\133\120\130\356}{chapter.13}% 61
\BOOKMARK [1][]{section.13.3}{\376\377\147\116\142\020\150\013\116\113\153\173\116\016\136\177\135\336\131\047\134\140\147\100}{chapter.13}% 62
\BOOKMARK [1][]{section.13.4}{\376\377\116\011\200\241\117\265\165\145\200\005\216\102\216\217\123\127\174\244\116\016\163\213\121\164\060\001\204\047\126\375\237\231\142\227\156\005}{chapter.13}% 63
\BOOKMARK [1][]{section.13.5}{\376\377\123\362\145\340\122\115\117\213\166\204\140\312\131\051\155\151\122\253\377\032\154\277\155\167\217\301\165\114}{chapter.13}% 64
\BOOKMARK [0][]{chapter.14}{\376\377\217\211\161\114\145\207\146\016\116\016\117\037\131\047\147\072\220\107\377\032\166\333\156\005\136\035\126\375\154\273\116\013\166\204\123\127\174\244}{}% 65
\BOOKMARK [1][]{section.14.1}{\376\377\0001\0008\116\026\176\252\166\204\131\107\217\371\116\113\127\316\377\032\136\177\135\336\116\016\123\101\116\011\210\114}{chapter.14}% 66
\BOOKMARK [1][]{section.14.2}{\376\377\116\034\116\232\131\047\226\106\147\000\117\030\171\300\166\204\201\352\154\273\127\316\136\002\377\032\117\133\134\161}{chapter.14}% 67
\BOOKMARK [1][]{section.14.3}{\376\377\117\037\131\047\166\204\116\055\123\127\123\112\134\233\142\323\153\226\116\213\116\032\377\032\154\263\116\331\145\077\147\103\060\001\040\034\237\231\225\350\134\006\130\353\040\035\116\016\220\321\117\341}{chapter.14}% 68
\BOOKMARK [1][]{section.14.4}{\376\377\145\327\136\056\155\167\166\327\166\204\121\164\116\241\116\016\155\167\116\012\202\361\226\304\137\040\117\335\116\324}{chapter.14}% 69
\BOOKMARK [0][]{chapter.15}{\376\377\121\263\133\232\133\252\122\066\166\204\126\333\127\072\142\030\116\211}{}% 70
\BOOKMARK [1][]{section.15.1}{\376\377\133\371\131\026\137\000\145\076\215\357\137\204\166\204\225\001\133\232\377\032\236\046\162\107\142\030\116\211}{chapter.15}% 71
\BOOKMARK [1][]{section.15.2}{\376\377\127\037\214\152\201\352\154\273\166\204\135\351\126\372\377\032\155\052\121\165\142\030\116\211}{chapter.15}% 72
\BOOKMARK [1][]{section.15.3}{\376\377\133\371\131\026\124\010\117\134\166\204\124\057\122\250\377\032\173\054\116\214\153\041\236\046\162\107\142\030\116\211}{chapter.15}% 73
\BOOKMARK [1][]{section.15.4}{\376\377\145\317\177\244\217\271\165\114\166\204\172\063\133\232\377\032\127\037\133\242\142\030\116\211}{chapter.15}% 74
\BOOKMARK [0][]{chapter.16}{\376\377\123\321\146\016\154\021\145\317\377\032\123\127\174\244\154\021\145\317\166\204\133\232\127\213}{}% 75
\BOOKMARK [1][]{section.16.1}{\376\377\116\011\145\317\121\161\124\014\117\123\166\204\133\232\127\213\377\032\133\242\133\266\116\016\157\156\154\125\166\204\122\006\226\224\116\016\121\161\133\130}{chapter.16}% 76
\BOOKMARK [1][]{section.16.2}{\376\377\154\021\145\317\213\355\212\000\116\016\154\021\145\317\123\362\377\032\133\146\155\167\130\002\060\001\174\244\123\362\060\001\174\244\213\355\060\001\174\244\145\207}{chapter.16}% 77
\BOOKMARK [0][]{chapter.17}{\376\377\145\207\146\016\137\000\123\026\377\032\123\127\174\244\166\204\131\047\202\052\155\167\116\016\211\177\123\026}{}% 78
\BOOKMARK [1][]{section.17.1}{\376\377\231\231\156\057\127\316\220\246\166\204\136\372\172\313}{chapter.17}% 79
\BOOKMARK [1][]{section.17.2}{\376\377\202\361\121\233\123\140\230\206\145\260\165\114\116\016\136\177\135\336\156\176\171\337\120\037\127\060\166\204\213\336\165\037}{chapter.17}% 80
\BOOKMARK [1][]{section.17.3}{\376\377\131\047\202\052\155\167\377\032\174\244\116\272\215\160\124\021\121\150\164\003}{chapter.17}% 81
\BOOKMARK [1][]{section.17.4}{\376\377\137\000\123\026\116\113\215\357\377\032\145\131\117\032\060\001\165\131\133\146\165\037\060\001\171\321\142\200\060\001\217\321\116\343\135\345\116\032}{chapter.17}% 82
\BOOKMARK [0][]{chapter.18}{\376\377\121\263\145\255\145\366\122\073\377\032\040\034\136\177\116\034\116\272\116\113\136\177\116\034\040\035\217\330\146\057\040\034\116\055\123\116\154\021\145\317\040\035}{}% 83
\BOOKMARK [1][]{section.18.1}{\376\377\133\371\123\127\174\244\147\052\147\145\166\204\173\054\116\000\171\315\211\304\122\022\377\032\040\034\116\055\123\116\154\021\145\317\040\035}{chapter.18}% 84
\BOOKMARK [1][]{section.18.2}{\376\377\133\371\123\127\174\244\147\052\147\145\166\204\173\054\116\214\171\315\211\304\122\022\377\032\040\034\232\161\220\020\227\221\206\117\377\014\140\142\131\015\116\055\123\116\040\035}{chapter.18}% 85
\BOOKMARK [1][]{section.18.3}{\376\377\133\371\123\127\174\244\147\052\147\145\166\204\173\054\116\011\171\315\211\304\122\022\377\032\040\034\136\177\116\034\116\272\116\113\136\177\116\034\040\035}{chapter.18}% 86
\BOOKMARK [1][]{section.18.4}{\376\377\220\032\137\200\162\354\172\313\116\113\215\357\377\032\0001\0009\0000\0004\040\024\0001\0009\0001\0001\136\164}{chapter.18}% 87
\BOOKMARK [0][]{chapter.19}{\376\377\116\316\162\354\172\313\122\060\154\246\116\241\377\032\0001\0009\0001\0001\040\024\0001\0009\0002\0006\136\164\166\204\123\127\174\244}{}% 88
\BOOKMARK [1][]{section.19.1}{\376\377\116\011\153\041\162\354\172\313\166\204\155\101\116\247\377\032\0001\0009\0001\0001\040\024\0001\0009\0001\0006\136\164}{chapter.19}% 89
\BOOKMARK [1][]{section.19.2}{\376\377\150\102\174\373\143\156\174\244\377\032\0001\0009\0001\0006\040\024\0001\0009\0002\0000\136\164}{chapter.19}% 90
\BOOKMARK [1][]{section.19.3}{\376\377\226\110\133\131\121\263\210\302\377\032\0001\0009\0002\0000\040\024\0001\0009\0002\0002\136\164}{chapter.19}% 91
\BOOKMARK [1][]{section.19.4}{\376\377\123\153\174\244\142\030\116\211\116\016\145\260\150\102\174\373\135\033\215\167\377\032\0001\0009\0002\0002\040\024\0001\0009\0002\0006\136\164}{chapter.19}% 92
\BOOKMARK [0][]{chapter.20}{\376\377\116\316\126\336\121\111\217\324\161\147\122\060\155\361\156\012\377\032\0001\0009\0002\0006\040\024\0001\0009\0004\0009\136\164\166\204\123\127\174\244}{}% 93
\BOOKMARK [1][]{section.20.1}{\376\377\166\153\162\302\227\151\124\175\116\055\166\204\134\140\133\260\127\072\377\032\0001\0009\0002\0006\040\024\0001\0009\0003\0001\136\164}{chapter.20}% 94
\BOOKMARK [1][]{section.20.2}{\376\377\147\000\124\016\166\204\201\352\172\313\377\032\0001\0009\0003\0001\040\024\0001\0009\0003\0006\136\164}{chapter.20}% 95
\BOOKMARK [1][]{section.20.3}{\376\377\116\214\142\030\155\361\156\012\116\055\166\204\123\127\174\244\377\032\0001\0009\0003\0006\040\024\0001\0009\0004\0005\136\164}{chapter.20}% 96
\BOOKMARK [1][]{section.20.4}{\376\377\224\301\136\125\226\115\116\064\377\032\0001\0009\0004\0005\040\024\0001\0009\0005\0000\136\164}{chapter.20}% 97
\BOOKMARK [0][]{chapter.21}{\376\377\145\340\134\075\236\321\146\227\377\032\0001\0009\0005\0000\040\024\0001\0009\0007\0002\136\164\166\204\123\127\174\244}{}% 98
\BOOKMARK [1][]{section.21.1}{\376\377\147\054\127\037\121\335\176\323\150\070\166\204\153\301\160\155\377\032\0001\0009\0005\0000\040\024\0001\0009\0005\0008\136\164}{chapter.21}% 99
\BOOKMARK [1][]{section.21.2}{\376\377\122\027\133\201\116\073\116\111\146\264\145\077\116\013\166\204\155\151\122\253\377\032\0001\0009\0005\0007\040\024\0001\0009\0006\0006\136\164}{chapter.21}% 100
\BOOKMARK [1][]{section.21.3}{\376\377\122\027\133\201\116\073\116\111\147\072\126\150\166\204\141\017\131\026\147\176\122\250\377\032\0001\0009\0006\0006\040\024\0001\0009\0007\0002\136\164}{chapter.21}% 101
\BOOKMARK [0][]{chapter.22}{\376\377\171\315\133\120\116\015\153\173\377\032\0001\0009\0007\0002\136\164\124\016\166\204\123\127\174\244}{}% 102
\BOOKMARK [1][]{section.22.1}{\376\377\147\054\127\037\121\335\176\323\150\070\131\015\121\164\116\016\211\177\145\271\171\351\136\217\126\336\137\122\377\032\0001\0009\0007\0002\040\024\0001\0009\0009\0002\136\164}{chapter.22}% 103
\BOOKMARK [1][]{section.22.2}{\376\377\123\127\174\244\154\021\145\317\141\017\213\306\166\204\131\047\211\311\221\222\377\032\0001\0009\0009\0002\136\164\040\024\116\312}{chapter.22}% 104
\BOOKMARK [0][]{appendix.A}{\376\377\123\127\174\244\177\026\136\164\173\200\123\362}{}% 105
\BOOKMARK [0][]{appendix.B}{\376\377\123\127\174\244\123\362\176\262\211\201}{}% 106
\BOOKMARK [1][]{section.B.1}{\376\377\122\115\212\000}{appendix.B}% 107
\BOOKMARK [1][]{section.B.2}{\376\377\123\127\174\244\123\362\122\115\123\362}{appendix.B}% 108
\BOOKMARK [1][]{section.B.3}{\376\377\166\176\215\212\145\366\116\343}{appendix.B}% 109
\BOOKMARK [1][]{section.B.4}{\376\377\174\244\171\346\142\030\116\211\060\001\231\226\153\041\123\027\134\136}{appendix.B}% 110
\BOOKMARK [1][]{section.B.5}{\376\377\123\127\215\212\136\035\126\375}{appendix.B}% 111
\BOOKMARK [1][]{section.B.6}{\376\377\173\054\116\214\153\041\123\027\134\136}{appendix.B}% 112
\BOOKMARK [1][]{section.B.7}{\376\377\121\257\121\274\145\077\147\103}{appendix.B}% 113
\BOOKMARK [1][]{section.B.8}{\376\377\173\054\116\011\153\041\123\027\134\136}{appendix.B}% 114
\BOOKMARK [1][]{section.B.9}{\376\377\123\127\174\244\123\362\122\115\123\112\147\037\116\113\123\127\174\244\171\076\117\032}{appendix.B}% 115
\BOOKMARK [1][]{section.B.10}{\376\377\123\127\154\111\136\035\126\375}{appendix.B}% 116
\BOOKMARK [1][]{section.B.11}{\376\377\173\054\126\333\153\041\123\027\134\136}{appendix.B}% 117
\BOOKMARK [1][]{section.B.12}{\376\377\117\125\167\037\145\077\147\103}{appendix.B}% 118
\BOOKMARK [1][]{section.B.13}{\376\377\173\054\116\224\153\041\123\027\134\136}{appendix.B}% 119
\BOOKMARK [1][]{section.B.14}{\376\377\155\167\220\032\145\366\116\343}{appendix.B}% 120
\BOOKMARK [1][]{section.B.15}{\376\377\123\321\146\016\154\021\145\317}{appendix.B}% 121
\BOOKMARK [1][]{section.B.16}{\376\377\154\021\126\375\145\366\116\343}{appendix.B}% 122
\BOOKMARK [1][]{section.B.17}{\376\377\140\073\176\323}{appendix.B}% 123
\BOOKMARK [0][]{appendix.C}{\376\377\153\173\123\273\166\204\123\127\174\244\232\221\130\353\000\267\117\125\167\037\000*\0000\000[\0002\000]\217\331\146\057\117\134\200\005\201\352\135\361\127\050\123\346\131\026\166\204\127\060\145\271\123\321\210\150\166\204\145\207\172\340\377\014\126\340\116\072\127\050\123\237\145\207\116\055\147\011\142\100\137\025\165\050\377\014\142\100\116\345\226\104\136\046\127\050\217\331\221\314\060\002\040\024\040\024\000\040\000S\000e\000t\000s\000u\000n\000a\000\040\000K\000*\0000\0000}{}% 124
\BOOKMARK [0][]{appendix.D}{\376\377\123\127\174\244\127\037\214\152\166\204\200\334\122\051\377\032\0001\0004\0004\0009\000\267\117\133\134\161\210\100\142\030\000*\0000\000[\0002\000]\217\331\146\057\117\134\200\005\201\352\135\361\127\050\123\346\131\026\166\204\127\060\145\271\123\321\210\150\166\204\145\207\172\340\377\014\126\340\116\072\127\050\123\237\145\207\116\055\147\011\142\100\137\025\165\050\377\014\142\100\116\345\226\104\136\046\127\050\217\331\221\314\060\002\040\024\040\024\000\040\000S\000e\000t\000s\000u\000n\000a\000\040\000K\000*\0000\0000}{}% 125
\BOOKMARK [0][]{appendix.E}{\376\377\117\133\134\161\201\352\154\273\127\316\136\002\173\200\123\362\000*\0000\000[\0002\000]\217\331\146\057\117\134\200\005\201\352\135\361\127\050\123\346\131\026\166\204\127\060\145\271\123\321\210\150\166\204\145\207\172\340\377\014\126\340\116\072\127\050\123\237\145\207\116\055\147\011\142\100\137\025\165\050\377\014\142\100\116\345\226\104\136\046\127\050\217\331\221\314\060\002\040\024\040\024\000\040\000S\000e\000t\000s\000u\000n\000a\000\040\000K\000*\0000\0000}{}% 126
